No correspondence between the inflexion (<0>ме.а) and the glosses (HAB.PART.PST) 
No correspondence between the inflexion (<0>ме.а|ву) and the glosses (HAB.PART.PST¦and) 
Line #25760 is wrong:  inner; secret, hidden
Line #40776 is wrong:  rag, strokking
Line #95452 is wrong:  muḥtasib (supervisor of bazaars and trade watching that public business was conducted in accordance with the law of sharia)
Line #132476 is wrong: -lexemesentence part
Duplicate lemma: боғ
Duplicate stem in боғ: "боғ."
Duplicate gramtags: N in боғ
Duplicate lemma: гапчин
Duplicate stem in гапчин: "гапчин."
Duplicate gramtags: N,anim,hum in гапчин
Duplicate lemma: директива
Duplicate stem in директива: "директива."
Duplicate gramtags: N in директива
Duplicate stem in сарахборӣ: "сараъзо.//саръазо."
Duplicate gramtags: N in сарахборӣ
No paradigm named ADJ
No paradigm named ADJ
No paradigm named ADJ
No paradigm named ADJ
No paradigm named DERIV,ADV
No paradigm named DERIV,ADV
No paradigm named DERIV,ADV
No paradigm named DERIV,ADV
No paradigm named ADJ
No paradigm named ADJ
No paradigm named ADJ
No paradigm named ADJ
No paradigm named ADJ
No paradigm named ADJ
No paradigm named ADJ
No paradigm named ADJ
No paradigm named ADJ
No paradigm named ADJ
No paradigm named AВО
No paradigm named AВО
No paradigm named ADJ
No paradigm named ADJ
Wrong paradigm name: ADJ
Wrong paradigm name: ADJ
Wrong paradigm name: ADJ
Wrong paradigm name: ADJ
Wrong paradigm name: DERIV,ADV
Wrong paradigm name: DERIV,ADV
Wrong paradigm name: ADJ
Wrong paradigm name: ADJ
Wrong paradigm name: ADJ
Wrong paradigm name: ADJ
Wrong paradigm name: ADJ
Wrong paradigm name: ADJ
Wrong paradigm name: ADJ
Wrong paradigm name: ADJ
Wrong paradigm name: ADJ
Wrong paradigm name: ADJ
Wrong paradigm name: ADJ
Wrong paradigm name: ADJ
Wrong paradigm name: ADJ
Wrong paradigm name: ADJ
Wrong paradigm name: ADJ
Wrong paradigm name: ADJ
Wrong paradigm name: ADJ
Wrong paradigm name: ADJ
Wrong paradigm name: ADJ
Wrong paradigm name: ADJ
Wrong paradigm name: ADJ
Wrong paradigm name: ADJ
Wrong paradigm name: ADJ
Wrong paradigm name: ADJ
Wrong paradigm name: ADJ
Wrong paradigm name: ADJ
Wrong paradigm name: ADJ
Wrong paradigm name: ADJ
Wrong paradigm name: ADJ
Wrong paradigm name: ADJ
Wrong paradigm name: ADJ
Wrong paradigm name: ADJ
Wrong paradigm name: ADJ
Wrong paradigm name: ADJ
Wrong paradigm name: ADJ
Wrong paradigm name: ADJ
Wrong paradigm name: ADJ
Wrong paradigm name: ADJ
Wrong paradigm name: ADJ
Wrong paradigm name: ADJ
Wrong paradigm name: ADJ
Wrong paradigm name: ADJ
Wrong paradigm name: ADJ
Wrong paradigm name: ADJ
Wrong paradigm name: ADJ
Wrong paradigm name: ADJ
Wrong paradigm name: ADJ
Wrong paradigm name: ADJ
Wrong paradigm name: DERIV,ADV
Wrong paradigm name: DERIV,ADV
Wrong paradigm name: ADJ
Wrong paradigm name: ADJ
Wrong paradigm name: ADJ
Wrong paradigm name: ADJ
Wrong paradigm name: ADJ
Wrong paradigm name: ADJ
Wrong paradigm name: ADJ
Wrong paradigm name: ADJ
Wrong paradigm name: ADJ
Wrong paradigm name: ADJ
Wrong paradigm name: ADJ
Wrong paradigm name: ADJ
Wrong paradigm name: ADJ
Wrong paradigm name: ADJ
Wrong paradigm name: ADJ
Wrong paradigm name: ADJ
Wrong paradigm name: ADJ
Wrong paradigm name: ADJ
Wrong paradigm name: ADJ
Wrong paradigm name: ADJ
Wrong paradigm name: ADJ
Wrong paradigm name: ADJ
Wrong paradigm name: ADJ
Wrong paradigm name: ADJ
Wrong paradigm name: ADJ
Wrong paradigm name: ADJ
Wrong paradigm name: ADJ
Wrong paradigm name: ADJ
Wrong paradigm name: ADJ
Wrong paradigm name: ADJ
Wrong paradigm name: ADJ
Wrong paradigm name: ADJ
Wrong paradigm name: ADJ
Wrong paradigm name: ADJ
Wrong paradigm name: ADJ
Wrong paradigm name: ADJ
Wrong paradigm name: ADJ
Wrong paradigm name: ADJ
Wrong paradigm name: ADJ
Wrong paradigm name: ADJ
Wrong paradigm name: ADJ
Wrong paradigm name: ADJ
Wrong paradigm name: ADJ
Wrong paradigm name: ADJ
Wrong paradigm name: ADJ
Wrong paradigm name: ADJ
Wrong paradigm name: ADJ
Wrong paradigm name: ADJ
Wrong paradigm name: ADJ
Wrong paradigm name: ADJ
Wrong paradigm name: ADJ
Wrong paradigm name: ADJ
Wrong paradigm name: ADJ
Wrong paradigm name: ADJ
Wrong paradigm name: ADJ
Wrong paradigm name: ADJ
Wrong paradigm name: ADJ
Wrong paradigm name: ADJ
Wrong paradigm name: ADJ
Wrong paradigm name: ADJ
Wrong paradigm name: ADJ
Wrong paradigm name: ADJ
Wrong paradigm name: ADJ
Wrong paradigm name: ADJ
Wrong paradigm name: ADJ
Wrong paradigm name: ADJ
